<?xml version="1.0" encoding="UTF-8"?>
<testsuite xmlns:xsi="http://www.w3.org/2001/XMLSchema-instance" xsi:noNamespaceSchemaLocation="https://maven.apache.org/surefire/maven-surefire-plugin/xsd/surefire-test-report.xsd" version="3.0.2" name="com.mglopez.crudstore.CrudStoreApplicationTests" time="17.726" tests="1" errors="0" skipped="0" failures="0">
  <properties>
[...]
</properties>
  <testcase name="contextLoads" classname="com.mglopez.crudstore.CrudStoreApplicationTests" time="0.561">
    <system-out><![CDATA[15:32:05.611 [main] INFO org.springframework.test.context.support.AnnotationConfigContextLoaderUtils -- Could not detect default configuration classes for test class [com.mglopez.crudstore.CrudStoreApplicationTests]: CrudStoreApplicationTests does not declare any static, non-private, non-final, nested classes annotated with @Configuration.
15:32:05.919 [main] INFO org.springframework.boot.test.context.SpringBootTestContextBootstrapper -- Found @SpringBootConfiguration com.mglopez.crudstore.CrudStoreApplication for test class com.mglopez.crudstore.CrudStoreApplicationTests
15:32:06.490 [main] INFO org.springframework.boot.devtools.restart.RestartApplicationListener -- Restart disabled due to context in which it is running
 ,-----.                  ,--. ,---.   ,--.                         ,---.
'  .--./,--.--.,--.,--. ,-|  |'   .-',-'  '-. ,---. ,--.--. ,---.  /  O  \  ,---.  ,---.
|  |    |  .--'|  ||  |' .-. |`.  `-.'-.  .-'| .-. ||  .--'| .-. :|  .-.  || .-. || .-. |
'  '--'\|  |   '  ''  '\ `-' |.-'    | |  |  ' '-' '|  |   \   --.|  | |  || '-' '| '-' '
 `-----'`--'    `----'  `---' `-----'  `--'   `---' `--'    `----'`--' `--'|  |-' |  |-'
                                                                           `--'   `--'
2026-02-26T15:32:07.207+01:00  INFO 13696 --- [           main] c.m.crudstore.CrudStoreApplicationTests  : Starting CrudStoreApplicationTests using Java 17.0.17 with PID 13696 (started by migue in C:\Users\migue\Desktop\MonolitoCrudAppStore\crudstore-backend)
2026-02-26T15:32:07.210+01:00  INFO 13696 --- [           main] c.m.crudstore.CrudStoreApplicationTests  : No active profile set, falling back to 1 default profile: "default"
2026-02-26T15:32:10.153+01:00  INFO 13696 --- [           main] .s.d.r.c.RepositoryConfigurationDelegate : Bootstrapping Spring Data JPA repositories in DEFAULT mode.
2026-02-26T15:32:10.427+01:00  INFO 13696 --- [           main] .s.d.r.c.RepositoryConfigurationDelegate : Finished Spring Data repository scanning in 235 ms. Found 5 JPA repository interfaces.
2026-02-26T15:32:12.061+01:00  INFO 13696 --- [           main] o.hibernate.jpa.internal.util.LogHelper  : HHH000204: Processing PersistenceUnitInfo [name: default]
2026-02-26T15:32:12.301+01:00  INFO 13696 --- [           main] org.hibernate.Version                    : HHH000412: Hibernate ORM core version 6.6.41.Final
2026-02-26T15:32:12.446+01:00  INFO 13696 --- [           main] o.h.c.internal.RegionFactoryInitiator    : HHH000026: Second-level cache disabled
2026-02-26T15:32:13.559+01:00  INFO 13696 --- [           main] o.s.o.j.p.SpringPersistenceUnitInfo      : No LoadTimeWeaver setup: ignoring JPA class transformer
2026-02-26T15:32:13.671+01:00  INFO 13696 --- [           main] com.zaxxer.hikari.HikariDataSource       : HikariPool-1 - Starting...
2026-02-26T15:32:14.404+01:00  INFO 13696 --- [           main] com.zaxxer.hikari.pool.HikariPool        : HikariPool-1 - Added connection org.postgresql.jdbc.PgConnection@1c215c31
2026-02-26T15:32:14.410+01:00  INFO 13696 --- [           main] com.zaxxer.hikari.HikariDataSource       : HikariPool-1 - Start completed.
2026-02-26T15:32:14.572+01:00  WARN 13696 --- [           main] org.hibernate.orm.deprecation            : HHH90000025: PostgreSQLDialect does not need to be specified explicitly using 'hibernate.dialect' (remove the property setting and it will be selected by default)
2026-02-26T15:32:14.636+01:00  INFO 13696 --- [           main] org.hibernate.orm.connections.pooling    : HHH10001005: Database info:
	Database JDBC URL [Connecting through datasource 'HikariDataSource (HikariPool-1)']
	Database driver: undefined/unknown
	Database version: 17.7
	Autocommit mode: undefined/unknown
	Isolation level: undefined/unknown
	Minimum pool size: undefined/unknown
	Maximum pool size: undefined/unknown
2026-02-26T15:32:17.920+01:00  INFO 13696 --- [           main] o.h.e.t.j.p.i.JtaPlatformInitiator       : HHH000489: No JTA platform available (set 'hibernate.transaction.jta.platform' to enable JTA platform integration)
Hibernate: 
    set client_min_messages = WARNING
Hibernate: 
    alter table if exists productos 
       drop constraint if exists FK2fwq10nwymfv7fumctxt9vpgb
Hibernate: 
    alter table if exists role_permissions 
       drop constraint if exists FKm8bvjlgei04gj2kxikrq12emk
Hibernate: 
    alter table if exists role_permissions 
       drop constraint if exists FKn5fotdgk8d1xvo8nav9uv3muc
Hibernate: 
    alter table if exists user_roles 
       drop constraint if exists FKh8ciramu9cc9q3qcqiv4ue8a6
Hibernate: 
    alter table if exists user_roles 
       drop constraint if exists FKhfh9dx7w3ubf1co1vdev94g3f
Hibernate: 
    drop table if exists categorias cascade
Hibernate: 
    drop table if exists permissions cascade
Hibernate: 
    drop table if exists productos cascade
Hibernate: 
    drop table if exists role_permissions cascade
Hibernate: 
    drop table if exists roles cascade
Hibernate: 
    drop table if exists user_roles cascade
Hibernate: 
    drop table if exists users cascade
Hibernate: 
    create table categorias (
        activa boolean not null,
        fecha_creacion timestamp(6),
        id bigint generated by default as identity,
        nombre varchar(50) not null unique,
        descripcion varchar(150),
        primary key (id)
    )
Hibernate: 
    create table permissions (
        id bigint generated by default as identity,
        name varchar(255) not null unique,
        primary key (id)
    )
Hibernate: 
    create table productos (
        activo boolean not null,
        precio numeric(10,2) not null,
        categoria_id bigint not null,
        fecha_creacion timestamp(6),
        id bigint generated by default as identity,
        name varchar(100) not null,
        descripcion varchar(255) not null,
        primary key (id)
    )
Hibernate: 
    create table role_permissions (
        permissions_id bigint not null,
        role_id bigint not null,
        primary key (permissions_id, role_id)
    )
Hibernate: 
    create table roles (
        id bigint generated by default as identity,
        role_name varchar(255) check (role_name in ('ADMIN','USER','INVITED','DEVELOPER')),
        primary key (id)
    )
Hibernate: 
    create table user_roles (
        role_id bigint not null,
        user_id bigint not null,
        primary key (role_id, user_id)
    )
Hibernate: 
    create table users (
        account_no_expired boolean,
        account_no_locked boolean,
        credentials_no_expired boolean,
        is_enabled boolean,
        id bigint generated by default as identity,
        password varchar(255),
        username varchar(255) unique,
        primary key (id)
    )
Hibernate: 
    alter table if exists productos 
       add constraint FK2fwq10nwymfv7fumctxt9vpgb 
       foreign key (categoria_id) 
       references categorias
Hibernate: 
    alter table if exists role_permissions 
       add constraint FKm8bvjlgei04gj2kxikrq12emk 
       foreign key (permissions_id) 
       references permissions
Hibernate: 
    alter table if exists role_permissions 
       add constraint FKn5fotdgk8d1xvo8nav9uv3muc 
       foreign key (role_id) 
       references roles
Hibernate: 
    alter table if exists user_roles 
       add constraint FKh8ciramu9cc9q3qcqiv4ue8a6 
       foreign key (role_id) 
       references roles
Hibernate: 
    alter table if exists user_roles 
       add constraint FKhfh9dx7w3ubf1co1vdev94g3f 
       foreign key (user_id) 
       references users
2026-02-26T15:32:18.259+01:00  INFO 13696 --- [           main] j.LocalContainerEntityManagerFactoryBean : Initialized JPA EntityManagerFactory for persistence unit 'default'
2026-02-26T15:32:19.716+01:00  WARN 13696 --- [           main] JpaBaseConfiguration$JpaWebConfiguration : spring.jpa.open-in-view is enabled by default. Therefore, database queries may be performed during view rendering. Explicitly configure spring.jpa.open-in-view to disable this warning
2026-02-26T15:32:20.440+01:00  INFO 13696 --- [           main] eAuthenticationProviderManagerConfigurer : Global AuthenticationManager configured with AuthenticationProvider bean with name authenticationProvider
2026-02-26T15:32:20.441+01:00  WARN 13696 --- [           main] r$InitializeUserDetailsManagerConfigurer : Global AuthenticationManager configured with an AuthenticationProvider bean. UserDetailsService beans will not be used by Spring Security for automatically configuring username/password login. Consider removing the AuthenticationProvider bean. Alternatively, consider using the UserDetailsService in a manually instantiated DaoAuthenticationProvider. If the current configuration is intentional, to turn off this warning, increase the logging level of 'org.springframework.security.config.annotation.authentication.configuration.InitializeUserDetailsBeanManagerConfigurer' to ERROR
2026-02-26T15:32:21.548+01:00  INFO 13696 --- [           main] c.m.crudstore.CrudStoreApplicationTests  : Started CrudStoreApplicationTests in 15.097 seconds (process running for 18.013)
Hibernate: 
    select
        ce1_0.id 
    from
        categorias ce1_0 
    where
        ce1_0.nombre=? 
    fetch
        first ? rows only
Hibernate: 
    insert 
    into
        categorias
        (activa, descripcion, fecha_creacion, nombre) 
    values
        (?, ?, ?, ?)
Hibernate: 
    select
        ce1_0.id 
    from
        categorias ce1_0 
    where
        ce1_0.nombre=? 
    fetch
        first ? rows only
Hibernate: 
    insert 
    into
        categorias
        (activa, descripcion, fecha_creacion, nombre) 
    values
        (?, ?, ?, ?)
Hibernate: 
    select
        ce1_0.id 
    from
        categorias ce1_0 
    where
        ce1_0.nombre=? 
    fetch
        first ? rows only
Hibernate: 
    insert 
    into
        categorias
        (activa, descripcion, fecha_creacion, nombre) 
    values
        (?, ?, ?, ?)
Hibernate: 
    select
        ce1_0.id,
        ce1_0.activa,
        ce1_0.descripcion,
        ce1_0.fecha_creacion,
        ce1_0.nombre 
    from
        categorias ce1_0 
    where
        ce1_0.id=?
Hibernate: 
    insert 
    into
        productos
        (activo, categoria_id, descripcion, fecha_creacion, name, precio) 
    values
        (?, ?, ?, ?, ?, ?)
Hibernate: 
    select
        ce1_0.id,
        ce1_0.activa,
        ce1_0.descripcion,
        ce1_0.fecha_creacion,
        ce1_0.nombre 
    from
        categorias ce1_0 
    where
        ce1_0.id=?
Hibernate: 
    insert 
    into
        productos
        (activo, categoria_id, descripcion, fecha_creacion, name, precio) 
    values
        (?, ?, ?, ?, ?, ?)
Hibernate: 
    select
        ce1_0.id,
        ce1_0.activa,
        ce1_0.descripcion,
        ce1_0.fecha_creacion,
        ce1_0.nombre 
    from
        categorias ce1_0 
    where
        ce1_0.id=?
Hibernate: 
    insert 
    into
        productos
        (activo, categoria_id, descripcion, fecha_creacion, name, precio) 
    values
        (?, ?, ?, ?, ?, ?)
Hibernate: 
    insert 
    into
        permissions
        (name) 
    values
        (?)
Hibernate: 
    insert 
    into
        permissions
        (name) 
    values
        (?)
Hibernate: 
    insert 
    into
        permissions
        (name) 
    values
        (?)
Hibernate: 
    insert 
    into
        permissions
        (name) 
    values
        (?)
Hibernate: 
    insert 
    into
        roles
        (role_name) 
    values
        (?)
Hibernate: 
    insert 
    into
        role_permissions
        (role_id, permissions_id) 
    values
        (?, ?)
Hibernate: 
    insert 
    into
        role_permissions
        (role_id, permissions_id) 
    values
        (?, ?)
Hibernate: 
    insert 
    into
        role_permissions
        (role_id, permissions_id) 
    values
        (?, ?)
Hibernate: 
    insert 
    into
        role_permissions
        (role_id, permissions_id) 
    values
        (?, ?)
Hibernate: 
    insert 
    into
        roles
        (role_name) 
    values
        (?)
Hibernate: 
    insert 
    into
        role_permissions
        (role_id, permissions_id) 
    values
        (?, ?)
Hibernate: 
    insert 
    into
        role_permissions
        (role_id, permissions_id) 
    values
        (?, ?)
Hibernate: 
    insert 
    into
        roles
        (role_name) 
    values
        (?)
Hibernate: 
    insert 
    into
        role_permissions
        (role_id, permissions_id) 
    values
        (?, ?)
Hibernate: 
    insert 
    into
        role_permissions
        (role_id, permissions_id) 
    values
        (?, ?)
Hibernate: 
    insert 
    into
        role_permissions
        (role_id, permissions_id) 
    values
        (?, ?)
Hibernate: 
    insert 
    into
        roles
        (role_name) 
    values
        (?)
Hibernate: 
    insert 
    into
        role_permissions
        (role_id, permissions_id) 
    values
        (?, ?)
Hibernate: 
    insert 
    into
        users
        (account_no_expired, account_no_locked, credentials_no_expired, is_enabled, password, username) 
    values
        (?, ?, ?, ?, ?, ?)
Hibernate: 
    insert 
    into
        users
        (account_no_expired, account_no_locked, credentials_no_expired, is_enabled, password, username) 
    values
        (?, ?, ?, ?, ?, ?)
Hibernate: 
    insert 
    into
        user_roles
        (user_id, role_id) 
    values
        (?, ?)
Hibernate: 
    insert 
    into
        user_roles
        (user_id, role_id) 
    values
        (?, ?)
]]></system-out>
  </testcase>
</testsuite>